<?xml version="1.0" encoding="UTF-8"?>
<!-- Generated by org.testng.reporters.JUnitXMLReporter -->
<testsuite ignored="0" hostname="ZMO-MC-VikasA-01s-Mac-mini.local" failures="0" tests="6" name="Surefire test" time="0.014" errors="0" timestamp="2021-12-01T17:55:45 IST">
  <testcase classname="qacourse.AppiumTest" name="IOSApp" time="0.001"/>
  <testcase classname="qacourse.AppiumTest" name="NativeApp" time="0.0"/>
  <testcase classname="qacourse.SeleniumTest" name="Browser" time="0.0"/>
  <testcase classname="qacourse.SeleniumTest" name="deleteTwitter" time="0.0"/>
  <testcase classname="qacourse.RestApiTest" name="elementUi" time="0.0"/>
  <testcase classname="qacourse.RestApiTest" name="postJira" time="0.001"/>
</testsuite> <!-- Surefire test -->
