<?xml version="1.0" encoding="UTF-8"?>
<testsuite xmlns:xsi="http://www.w3.org/2001/XMLSchema-instance" xsi:noNamespaceSchemaLocation="https://maven.apache.org/surefire/maven-surefire-plugin/xsd/surefire-test-report-3.0.xsd" version="3.0" name="TestSuite" time="5.211" tests="6" errors="0" skipped="0" failures="0">
  <properties>
[...]
</properties>
  <testcase name="IOSApp" classname="qacourse.AppiumTest" time="0.002">
    <system-out><![CDATA[IOSApp
]]></system-out>
  </testcase>
  <testcase name="NativeApp" classname="qacourse.AppiumTest" time="0">
    <system-out><![CDATA[NativeApp
]]></system-out>
  </testcase>
  <testcase name="elementUi" classname="qacourse.RestApiTest" time="0">
    <system-out><![CDATA[elementUi
]]></system-out>
  </testcase>
  <testcase name="postJira" classname="qacourse.RestApiTest" time="0">
    <system-out><![CDATA[postJira
]]></system-out>
  </testcase>
  <testcase name="Browser" classname="qacourse.SeleniumTest" time="0">
    <system-out><![CDATA[Browser
]]></system-out>
  </testcase>
  <testcase name="deleteTwitter" classname="qacourse.SeleniumTest" time="0">
    <system-out><![CDATA[deleteTwitter
]]></system-out>
  </testcase>
</testsuite>