<?xml version="1.0" encoding="UTF-8"?>
<testng-results ignored="0" total="6" passed="6" failed="0" skipped="0">
  <reporter-output>
  </reporter-output>
  <suite started-at="2021-12-02T10:15:40 IST" name="Suite" finished-at="2021-12-02T10:15:40 IST" duration-ms="13">
    <groups>
    </groups>
    <test started-at="2021-12-02T10:15:40 IST" name="Test" finished-at="2021-12-02T10:15:40 IST" duration-ms="13">
      <class name="qacourse.RestApiTest">
        <test-method signature="elementUi()[pri:0, instance:qacourse.RestApiTest@7f9fcf7f]" started-at="2021-12-02T10:15:40 IST" name="elementUi" finished-at="2021-12-02T10:15:40 IST" duration-ms="0" status="PASS">
          <reporter-output>
          </reporter-output>
        </test-method> <!-- elementUi -->
        <test-method signature="postJira()[pri:0, instance:qacourse.RestApiTest@7f9fcf7f]" started-at="2021-12-02T10:15:40 IST" name="postJira" finished-at="2021-12-02T10:15:40 IST" duration-ms="0" status="PASS">
          <reporter-output>
          </reporter-output>
        </test-method> <!-- postJira -->
      </class> <!-- qacourse.RestApiTest -->
      <class name="qacourse.AppiumTest">
        <test-method signature="IOSApp()[pri:0, instance:qacourse.AppiumTest@2b4a2ec7]" started-at="2021-12-02T10:15:40 IST" name="IOSApp" finished-at="2021-12-02T10:15:40 IST" duration-ms="1" status="PASS">
          <reporter-output>
          </reporter-output>
        </test-method> <!-- IOSApp -->
        <test-method signature="NativeApp()[pri:0, instance:qacourse.AppiumTest@2b4a2ec7]" started-at="2021-12-02T10:15:40 IST" name="NativeApp" finished-at="2021-12-02T10:15:40 IST" duration-ms="0" status="PASS">
          <reporter-output>
          </reporter-output>
        </test-method> <!-- NativeApp -->
      </class> <!-- qacourse.AppiumTest -->
      <class name="qacourse.SeleniumTest">
        <test-method signature="Browser()[pri:0, instance:qacourse.SeleniumTest@2357d90a]" started-at="2021-12-02T10:15:40 IST" name="Browser" finished-at="2021-12-02T10:15:40 IST" duration-ms="0" status="PASS">
          <reporter-output>
          </reporter-output>
        </test-method> <!-- Browser -->
        <test-method signature="deleteTwitter()[pri:0, instance:qacourse.SeleniumTest@2357d90a]" started-at="2021-12-02T10:15:40 IST" name="deleteTwitter" finished-at="2021-12-02T10:15:40 IST" duration-ms="0" status="PASS">
          <reporter-output>
          </reporter-output>
        </test-method> <!-- deleteTwitter -->
      </class> <!-- qacourse.SeleniumTest -->
    </test> <!-- Test -->
  </suite> <!-- Suite -->
</testng-results>
